c:\users\adama\documents\github\prog2orak\laborok\11_labor\vector_hal\vector\x64\debug\vc143.pdb
c:\users\adama\documents\github\prog2orak\laborok\11_labor\vector_hal\vector\x64\debug\vc143.idb
c:\users\adama\documents\github\prog2orak\laborok\11_labor\vector_hal\vector\x64\debug\vector.obj
c:\users\adama\documents\github\prog2orak\laborok\11_labor\vector_hal\vector\x64\debug\vectortest.obj
c:\users\adama\documents\github\prog2orak\laborok\11_labor\vector_hal\vector\x64\debug\test.obj
c:\users\adama\documents\github\prog2orak\laborok\11_labor\vector_hal\vector\x64\debug\vector.ilk
c:\users\adama\documents\github\prog2orak\laborok\11_labor\vector_hal\x64\debug\vector.pdb
c:\users\adama\documents\github\prog2orak\laborok\11_labor\vector_hal\vector\x64\debug\vector.tlog\cl.command.1.tlog
c:\users\adama\documents\github\prog2orak\laborok\11_labor\vector_hal\vector\x64\debug\vector.tlog\cl.items.tlog
c:\users\adama\documents\github\prog2orak\laborok\11_labor\vector_hal\vector\x64\debug\vector.tlog\cl.read.1.tlog
c:\users\adama\documents\github\prog2orak\laborok\11_labor\vector_hal\vector\x64\debug\vector.tlog\cl.write.1.tlog
c:\users\adama\documents\github\prog2orak\laborok\11_labor\vector_hal\vector\x64\debug\vector.tlog\link.28344-cvtres.read.1.tlog
c:\users\adama\documents\github\prog2orak\laborok\11_labor\vector_hal\vector\x64\debug\vector.tlog\link.28344-cvtres.write.1.tlog
c:\users\adama\documents\github\prog2orak\laborok\11_labor\vector_hal\vector\x64\debug\vector.tlog\link.28344-rc.read.1.tlog
c:\users\adama\documents\github\prog2orak\laborok\11_labor\vector_hal\vector\x64\debug\vector.tlog\link.28344-rc.write.1.tlog
c:\users\adama\documents\github\prog2orak\laborok\11_labor\vector_hal\vector\x64\debug\vector.tlog\link.28344.read.1.tlog
c:\users\adama\documents\github\prog2orak\laborok\11_labor\vector_hal\vector\x64\debug\vector.tlog\link.28344.read.4.tlog
c:\users\adama\documents\github\prog2orak\laborok\11_labor\vector_hal\vector\x64\debug\vector.tlog\link.28344.write.1.tlog
c:\users\adama\documents\github\prog2orak\laborok\11_labor\vector_hal\vector\x64\debug\vector.tlog\link.command.1.tlog
c:\users\adama\documents\github\prog2orak\laborok\11_labor\vector_hal\vector\x64\debug\vector.tlog\link.read.1.tlog
c:\users\adama\documents\github\prog2orak\laborok\11_labor\vector_hal\vector\x64\debug\vector.tlog\link.secondary.1.tlog
c:\users\adama\documents\github\prog2orak\laborok\11_labor\vector_hal\vector\x64\debug\vector.tlog\link.write.1.tlog
