c:\users\adama\documents\github\prog2orak\nhf\file_titkosito_program\file_tit.79f7aa0a\x64\debug\vc143.pdb
c:\users\adama\documents\github\prog2orak\nhf\file_titkosito_program\file_tit.79f7aa0a\x64\debug\vc143.idb
c:\users\adama\documents\github\prog2orak\nhf\file_titkosito_program\file_tit.79f7aa0a\x64\debug\userinputhandler.obj
c:\users\adama\documents\github\prog2orak\nhf\file_titkosito_program\file_tit.79f7aa0a\x64\debug\node.obj
c:\users\adama\documents\github\prog2orak\nhf\file_titkosito_program\file_tit.79f7aa0a\x64\debug\menusystem.obj
c:\users\adama\documents\github\prog2orak\nhf\file_titkosito_program\file_tit.79f7aa0a\x64\debug\menurenderer.obj
c:\users\adama\documents\github\prog2orak\nhf\file_titkosito_program\file_tit.79f7aa0a\x64\debug\main.obj
c:\users\adama\documents\github\prog2orak\nhf\file_titkosito_program\file_tit.79f7aa0a\x64\debug\list.obj
c:\users\adama\documents\github\prog2orak\nhf\file_titkosito_program\file_tit.79f7aa0a\x64\debug\filemanager.obj
c:\users\adama\documents\github\prog2orak\nhf\file_titkosito_program\x64\debug\file_titkosito_program.exe
c:\users\adama\documents\github\prog2orak\nhf\file_titkosito_program\x64\debug\file_titkosito_program.pdb
c:\users\adama\documents\github\prog2orak\nhf\file_titkosito_program\file_tit.79f7aa0a\x64\debug\file_titkosito_program.ilk
c:\users\adama\documents\github\prog2orak\nhf\file_titkosito_program\file_tit.79f7aa0a\x64\debug\file_tit.79f7aa0a.tlog\cl.command.1.tlog
c:\users\adama\documents\github\prog2orak\nhf\file_titkosito_program\file_tit.79f7aa0a\x64\debug\file_tit.79f7aa0a.tlog\cl.items.tlog
c:\users\adama\documents\github\prog2orak\nhf\file_titkosito_program\file_tit.79f7aa0a\x64\debug\file_tit.79f7aa0a.tlog\cl.read.1.tlog
c:\users\adama\documents\github\prog2orak\nhf\file_titkosito_program\file_tit.79f7aa0a\x64\debug\file_tit.79f7aa0a.tlog\cl.write.1.tlog
c:\users\adama\documents\github\prog2orak\nhf\file_titkosito_program\file_tit.79f7aa0a\x64\debug\file_tit.79f7aa0a.tlog\link.command.1.tlog
c:\users\adama\documents\github\prog2orak\nhf\file_titkosito_program\file_tit.79f7aa0a\x64\debug\file_tit.79f7aa0a.tlog\link.read.1.tlog
c:\users\adama\documents\github\prog2orak\nhf\file_titkosito_program\file_tit.79f7aa0a\x64\debug\file_tit.79f7aa0a.tlog\link.secondary.1.tlog
c:\users\adama\documents\github\prog2orak\nhf\file_titkosito_program\file_tit.79f7aa0a\x64\debug\file_tit.79f7aa0a.tlog\link.write.1.tlog
